Using pre-set license
Built from '2020.3/staging' branch; Version is '2020.3.5f1 (8095aa901b9b) revision 8426922'; Using compiler version '192528614'; Build Type 'Release'
OS: 'Windows 10 Home; OS build 19041.928; Version 2004; 64bit' Language: 'ja' Physical Memory: 32696 MB
BatchMode: 1, IsHumanControllingUs: 0, StartBugReporterOnCrash: 0, Is64bit: 1, IsPro: 0

 COMMAND LINE ARGUMENTS:
C:\Program Files\Unity\Hub\Editor\2020.3.5f1\Editor\Unity.exe
-adb2
-batchMode
-noUpm
-name
AssetImportWorker1
-projectPath
C:/Users/maiku/unity/CraneGame/CraneGame
-logFile
Logs/AssetImportWorker1.log
-srvPort
52027
Successfully changed project path to: C:/Users/maiku/unity/CraneGame/CraneGame
C:/Users/maiku/unity/CraneGame/CraneGame
Using Asset Import Pipeline V2.
Refreshing native plugins compatible for Editor in 31.17 ms, found 1 plugins.
Preloading 0 native plugins for Editor in 0.00 ms.
Initialize engine version: 2020.3.5f1 (8095aa901b9b)
[Subsystems] Discovering subsystems at path C:/Program Files/Unity/Hub/Editor/2020.3.5f1/Editor/Data/Resources/UnitySubsystems
[Subsystems] Discovering subsystems at path C:/Users/maiku/unity/CraneGame/CraneGame/Assets
GfxDevice: creating device client; threaded=0
Direct3D:
    Version:  Direct3D 11.0 [level 11.1]
    Renderer: NVIDIA GeForce GTX 1660 SUPER (ID=0x21c4)
    Vendor:   
    VRAM:     5991 MB
    Driver:   27.21.14.5751
Initialize mono
Mono path[0] = 'C:/Program Files/Unity/Hub/Editor/2020.3.5f1/Editor/Data/Managed'
Mono path[1] = 'C:/Program Files/Unity/Hub/Editor/2020.3.5f1/Editor/Data/MonoBleedingEdge/lib/mono/unityjit'
Mono config path = 'C:/Program Files/Unity/Hub/Editor/2020.3.5f1/Editor/Data/MonoBleedingEdge/etc'
Using monoOptions --debugger-agent=transport=dt_socket,embedding=1,server=y,suspend=n,address=127.0.0.1:56728
Begin MonoManager ReloadAssembly
Registering precompiled unity dll's ...
Register platform support module: C:/Program Files/Unity/Hub/Editor/2020.3.5f1/Editor/Data/PlaybackEngines/WindowsStandaloneSupport/UnityEditor.WindowsStandalone.Extensions.dll
Registered in 0.001828 seconds.
Native extension for WindowsStandalone target not found
Refreshing native plugins compatible for Editor in 30.97 ms, found 1 plugins.
Preloading 0 native plugins for Editor in 0.00 ms.
Mono: successfully reloaded assembly
- Completed reload, in  0.985 seconds
Platform modules already initialized, skipping
Registering precompiled user dll's ...
Registered in 0.000877 seconds.
Begin MonoManager ReloadAssembly
Native extension for WindowsStandalone target not found
Refreshing native plugins compatible for Editor in 30.55 ms, found 1 plugins.
Preloading 0 native plugins for Editor in 0.00 ms.
Mono: successfully reloaded assembly
- Completed reload, in  0.784 seconds
Platform modules already initialized, skipping
========================================================================
Worker process is ready to serve import requests
Launched and connected shader compiler UnityShaderCompiler.exe after 0.04 seconds
Refreshing native plugins compatible for Editor in 0.41 ms, found 1 plugins.
Preloading 0 native plugins for Editor in 0.00 ms.
Unloading 1813 Unused Serialized files (Serialized files now loaded: 0)
System memory in use before: 85.1 MB.
System memory in use after: 85.0 MB.

Unloading 24 unused Assets to reduce memory usage. Loaded Objects now: 2256.
Total: 2.289500 ms (FindLiveObjects: 0.205000 ms CreateObjectMapping: 0.084100 ms MarkObjects: 1.870900 ms  DeleteObjects: 0.128500 ms)

========================================================================
Received Import Request.
  path: Assets/Resource/picture/185563.png
  artifactKey: Guid(fd11f4f4e6fc49a4bb577cc15f2c2960) Importer(815301076,1909f56bfc062723c751e8b465ee728b)
Start importing Assets/Resource/picture/185563.png using Guid(fd11f4f4e6fc49a4bb577cc15f2c2960) Importer(815301076,1909f56bfc062723c751e8b465ee728b)  -> (artifact id: '3eb0e2678c94d18c4845d38802943593') in 0.082830 seconds
  Import took 0.085707 seconds .

========================================================================
Received Import Request.
  Time since last request: 5.362508 seconds.
  path: Assets/Resource/picture/PresentR.png
  artifactKey: Guid(fd11f4f4e6fc49a4bb577cc15f2c2960) Importer(815301076,1909f56bfc062723c751e8b465ee728b)
Start importing Assets/Resource/picture/PresentR.png using Guid(fd11f4f4e6fc49a4bb577cc15f2c2960) Importer(815301076,1909f56bfc062723c751e8b465ee728b)  -> (artifact id: 'b4b2ab5c06c5401950737b5e510dfe80') in 0.020987 seconds
  Import took 0.023492 seconds .

========================================================================
Received Import Request.
  Time since last request: 259.701495 seconds.
  path: Assets/Resource/picture/矢印ボタン　右2.png
  artifactKey: Guid(b7b2c16eacbf8334887c2d0dd06041ad) Importer(815301076,1909f56bfc062723c751e8b465ee728b)
Start importing Assets/Resource/picture/矢印ボタン　右2.png using Guid(b7b2c16eacbf8334887c2d0dd06041ad) Importer(815301076,1909f56bfc062723c751e8b465ee728b)  -> (artifact id: '3670853227716edafc2101a7aee77f7f') in 0.010686 seconds
  Import took 0.013417 seconds .

========================================================================
Received Prepare
Registering precompiled user dll's ...
Registered in 0.000945 seconds.
Begin MonoManager ReloadAssembly
Native extension for WindowsStandalone target not found
Refreshing native plugins compatible for Editor in 0.31 ms, found 1 plugins.
Preloading 0 native plugins for Editor in 0.00 ms.
Mono: successfully reloaded assembly
- Completed reload, in  0.725 seconds
Platform modules already initialized, skipping
Refreshing native plugins compatible for Editor in 0.31 ms, found 1 plugins.
Preloading 0 native plugins for Editor in 0.00 ms.
Unloading 1808 Unused Serialized files (Serialized files now loaded: 0)
System memory in use before: 88.1 MB.
System memory in use after: 88.1 MB.

Unloading 12 unused Assets to reduce memory usage. Loaded Objects now: 2266.
Total: 1.725700 ms (FindLiveObjects: 0.167500 ms CreateObjectMapping: 0.061400 ms MarkObjects: 1.411600 ms  DeleteObjects: 0.084100 ms)

========================================================================
Received Import Request.
  Time since last request: 39.343875 seconds.
  path: Assets/Resource/picture/矢印ボタン　右3.png
  artifactKey: Guid(e412947b8b12f2445829e9101efeedc1) Importer(815301076,1909f56bfc062723c751e8b465ee728b)
Start importing Assets/Resource/picture/矢印ボタン　右3.png using Guid(e412947b8b12f2445829e9101efeedc1) Importer(815301076,1909f56bfc062723c751e8b465ee728b)  -> (artifact id: 'e567149f4a09cffe1eb67b8682586b5e') in 0.040545 seconds
  Import took 0.043073 seconds .

========================================================================
Received Import Request.
  Time since last request: 13.894271 seconds.
  path: Assets/Resource/picture/Rbutton.png
  artifactKey: Guid(b7b2c16eacbf8334887c2d0dd06041ad) Importer(815301076,1909f56bfc062723c751e8b465ee728b)
Start importing Assets/Resource/picture/Rbutton.png using Guid(b7b2c16eacbf8334887c2d0dd06041ad) Importer(815301076,1909f56bfc062723c751e8b465ee728b)  -> (artifact id: 'a34179d38e14aaf2e71ade0f08481767') in 0.013644 seconds
  Import took 0.016266 seconds .

========================================================================
Received Import Request.
  Time since last request: 13.579749 seconds.
  path: Assets/Resource/picture/Rbutton2.png
  artifactKey: Guid(e412947b8b12f2445829e9101efeedc1) Importer(815301076,1909f56bfc062723c751e8b465ee728b)
Start importing Assets/Resource/picture/Rbutton2.png using Guid(e412947b8b12f2445829e9101efeedc1) Importer(815301076,1909f56bfc062723c751e8b465ee728b)  -> (artifact id: '7c444fe425f8efcc5c768644d9a011ce') in 0.017044 seconds
  Import took 0.019558 seconds .

========================================================================
Received Import Request.
  Time since last request: 0.964576 seconds.
  path: Assets/Resource/picture/矢印ボタン　左2.png
  artifactKey: Guid(7b755bec21f822742b9280e08a71c898) Importer(815301076,1909f56bfc062723c751e8b465ee728b)
Start importing Assets/Resource/picture/矢印ボタン　左2.png using Guid(7b755bec21f822742b9280e08a71c898) Importer(815301076,1909f56bfc062723c751e8b465ee728b)  -> (artifact id: '2195bf4c1d249de18975dea29accd692') in 0.016309 seconds
  Import took 0.019145 seconds .

========================================================================
Received Import Request.
  Time since last request: 7.520624 seconds.
  path: Assets/Resource/picture/Lbutton.png
  artifactKey: Guid(7b755bec21f822742b9280e08a71c898) Importer(815301076,1909f56bfc062723c751e8b465ee728b)
Start importing Assets/Resource/picture/Lbutton.png using Guid(7b755bec21f822742b9280e08a71c898) Importer(815301076,1909f56bfc062723c751e8b465ee728b)  -> (artifact id: '40f13676a1868fd4be7b4f120ca2a603') in 0.011673 seconds
  Import took 0.014223 seconds .

========================================================================
Received Import Request.
  Time since last request: 1.233854 seconds.
  path: Assets/Resource/picture/矢印ボタン　左3.png
  artifactKey: Guid(0bdf3f465281e624a8d63d02011e186f) Importer(815301076,1909f56bfc062723c751e8b465ee728b)
Start importing Assets/Resource/picture/矢印ボタン　左3.png using Guid(0bdf3f465281e624a8d63d02011e186f) Importer(815301076,1909f56bfc062723c751e8b465ee728b)  -> (artifact id: 'eaa108fed5e99081294a4379d84cad0b') in 0.014709 seconds
  Import took 0.018105 seconds .

========================================================================
Received Import Request.
  Time since last request: 6.170482 seconds.
  path: Assets/Resource/picture/Lbutton2.png
  artifactKey: Guid(0bdf3f465281e624a8d63d02011e186f) Importer(815301076,1909f56bfc062723c751e8b465ee728b)
Start importing Assets/Resource/picture/Lbutton2.png using Guid(0bdf3f465281e624a8d63d02011e186f) Importer(815301076,1909f56bfc062723c751e8b465ee728b)  -> (artifact id: '99e431c87167bf29c2f6d58663a6b84e') in 0.011690 seconds
  Import took 0.014337 seconds .

========================================================================
Received Import Request.
  Time since last request: 2175.445229 seconds.
  path: Assets/Resource/picture/矢印ボタン　右2.png
  artifactKey: Guid(9ec35e3d58cd8cc4bafb590f656444ac) Importer(815301076,1909f56bfc062723c751e8b465ee728b)
Start importing Assets/Resource/picture/矢印ボタン　右2.png using Guid(9ec35e3d58cd8cc4bafb590f656444ac) Importer(815301076,1909f56bfc062723c751e8b465ee728b)  -> (artifact id: '6fef739cb287b6f7d495ff83587bb50e') in 0.013277 seconds
  Import took 0.017174 seconds .

========================================================================
Received Import Request.
  Time since last request: 5.922034 seconds.
  path: Assets/Resource/picture/矢印ボタン　右3.png
  artifactKey: Guid(37525a81aa165aa49afb2a9c7a4750dc) Importer(815301076,1909f56bfc062723c751e8b465ee728b)
Start importing Assets/Resource/picture/矢印ボタン　右3.png using Guid(37525a81aa165aa49afb2a9c7a4750dc) Importer(815301076,1909f56bfc062723c751e8b465ee728b)  -> (artifact id: '398ac08bb4a90b00038c1e1837e08018') in 0.016688 seconds
  Import took 0.019229 seconds .

========================================================================
Received Import Request.
  Time since last request: 9.226228 seconds.
  path: Assets/Resource/picture/RButton.png
  artifactKey: Guid(37525a81aa165aa49afb2a9c7a4750dc) Importer(815301076,1909f56bfc062723c751e8b465ee728b)
Start importing Assets/Resource/picture/RButton.png using Guid(37525a81aa165aa49afb2a9c7a4750dc) Importer(815301076,1909f56bfc062723c751e8b465ee728b)  -> (artifact id: '5c6a18f4331f9fc86779fed112dd2744') in 0.009270 seconds
  Import took 0.012050 seconds .

========================================================================
Received Import Request.
  Time since last request: 11.882776 seconds.
  path: Assets/Resource/picture/RButton2.png
  artifactKey: Guid(9ec35e3d58cd8cc4bafb590f656444ac) Importer(815301076,1909f56bfc062723c751e8b465ee728b)
Start importing Assets/Resource/picture/RButton2.png using Guid(9ec35e3d58cd8cc4bafb590f656444ac) Importer(815301076,1909f56bfc062723c751e8b465ee728b)  -> (artifact id: '89c21be7165667cf5a43daa63478a960') in 0.012575 seconds
  Import took 0.015310 seconds .

========================================================================
Received Import Request.
  Time since last request: 1.162742 seconds.
  path: Assets/Resource/picture/矢印ボタン　左2.png
  artifactKey: Guid(f59f52739d4c1244e8ff0992d19dab98) Importer(815301076,1909f56bfc062723c751e8b465ee728b)
Start importing Assets/Resource/picture/矢印ボタン　左2.png using Guid(f59f52739d4c1244e8ff0992d19dab98) Importer(815301076,1909f56bfc062723c751e8b465ee728b)  -> (artifact id: '7d357efe9926ea9c8a3f39a7de27f8ed') in 0.009215 seconds
  Import took 0.011795 seconds .

========================================================================
Received Import Request.
  Time since last request: 0.388468 seconds.
  path: Assets/Resource/picture/矢印ボタン　左3.png
  artifactKey: Guid(f81289040a7324b47a328d1ffa30fb2f) Importer(815301076,1909f56bfc062723c751e8b465ee728b)
Start importing Assets/Resource/picture/矢印ボタン　左3.png using Guid(f81289040a7324b47a328d1ffa30fb2f) Importer(815301076,1909f56bfc062723c751e8b465ee728b)  -> (artifact id: 'a2336b568d81b25132a6a1561d208fee') in 0.015957 seconds
  Import took 0.018856 seconds .

========================================================================
Received Import Request.
  Time since last request: 6.264485 seconds.
  path: Assets/Resource/picture/LButton.png
  artifactKey: Guid(f81289040a7324b47a328d1ffa30fb2f) Importer(815301076,1909f56bfc062723c751e8b465ee728b)
Start importing Assets/Resource/picture/LButton.png using Guid(f81289040a7324b47a328d1ffa30fb2f) Importer(815301076,1909f56bfc062723c751e8b465ee728b)  -> (artifact id: 'e02c13347cdaf5d1ea30d8681471a6a2') in 0.014302 seconds
  Import took 0.016860 seconds .

========================================================================
Received Import Request.
  Time since last request: 8.558785 seconds.
  path: Assets/Resource/picture/LButton2.png
  artifactKey: Guid(f59f52739d4c1244e8ff0992d19dab98) Importer(815301076,1909f56bfc062723c751e8b465ee728b)
Start importing Assets/Resource/picture/LButton2.png using Guid(f59f52739d4c1244e8ff0992d19dab98) Importer(815301076,1909f56bfc062723c751e8b465ee728b)  -> (artifact id: 'b115d0715313e451ef527ea0a25da174') in 0.009532 seconds
  Import took 0.012103 seconds .

========================================================================
Received Prepare
Registering precompiled user dll's ...
Registered in 0.000965 seconds.
Begin MonoManager ReloadAssembly
Native extension for WindowsStandalone target not found
Refreshing native plugins compatible for Editor in 0.33 ms, found 1 plugins.
Preloading 0 native plugins for Editor in 0.00 ms.
Mono: successfully reloaded assembly
- Completed reload, in  0.750 seconds
Platform modules already initialized, skipping
Refreshing native plugins compatible for Editor in 0.33 ms, found 1 plugins.
Preloading 0 native plugins for Editor in 0.00 ms.
Unloading 2048 Unused Serialized files (Serialized files now loaded: 0)
System memory in use before: 94.7 MB.
System memory in use after: 94.7 MB.

Unloading 12 unused Assets to reduce memory usage. Loaded Objects now: 2511.
Total: 1.751300 ms (FindLiveObjects: 0.185000 ms CreateObjectMapping: 0.067900 ms MarkObjects: 1.406300 ms  DeleteObjects: 0.091100 ms)

========================================================================
Received Prepare
Registering precompiled user dll's ...
Registered in 0.000900 seconds.
Begin MonoManager ReloadAssembly
Native extension for WindowsStandalone target not found
Refreshing native plugins compatible for Editor in 0.33 ms, found 1 plugins.
Preloading 0 native plugins for Editor in 0.00 ms.
Mono: successfully reloaded assembly
- Completed reload, in  0.740 seconds
Platform modules already initialized, skipping
Refreshing native plugins compatible for Editor in 0.32 ms, found 1 plugins.
Preloading 0 native plugins for Editor in 0.00 ms.
Unloading 2048 Unused Serialized files (Serialized files now loaded: 0)
System memory in use before: 94.7 MB.
System memory in use after: 94.7 MB.

Unloading 12 unused Assets to reduce memory usage. Loaded Objects now: 2515.
Total: 1.713300 ms (FindLiveObjects: 0.222300 ms CreateObjectMapping: 0.072200 ms MarkObjects: 1.339200 ms  DeleteObjects: 0.078800 ms)

========================================================================
Received Prepare
Registering precompiled user dll's ...
Registered in 0.000932 seconds.
Begin MonoManager ReloadAssembly
Native extension for WindowsStandalone target not found
Refreshing native plugins compatible for Editor in 0.34 ms, found 1 plugins.
Preloading 0 native plugins for Editor in 0.00 ms.
Mono: successfully reloaded assembly
- Completed reload, in  0.735 seconds
Platform modules already initialized, skipping
Refreshing native plugins compatible for Editor in 0.33 ms, found 1 plugins.
Preloading 0 native plugins for Editor in 0.00 ms.
Unloading 2048 Unused Serialized files (Serialized files now loaded: 0)
System memory in use before: 94.8 MB.
System memory in use after: 94.7 MB.

Unloading 12 unused Assets to reduce memory usage. Loaded Objects now: 2519.
Total: 1.784000 ms (FindLiveObjects: 0.175100 ms CreateObjectMapping: 0.064000 ms MarkObjects: 1.460500 ms  DeleteObjects: 0.083800 ms)

========================================================================
Received Import Request.
  Time since last request: 3372.959244 seconds.
  path: Assets/Scripts/Button.cs
  artifactKey: Guid(36951bb946ae0a043bcd5e6260769611) Importer(815301076,1909f56bfc062723c751e8b465ee728b)
Start importing Assets/Scripts/Button.cs using Guid(36951bb946ae0a043bcd5e6260769611) Importer(815301076,1909f56bfc062723c751e8b465ee728b)  -> (artifact id: 'a20a22aa149f0903534816df1a39a713') in 0.010080 seconds
  Import took 0.013029 seconds .

========================================================================
Received Prepare
Registering precompiled user dll's ...
Registered in 0.000869 seconds.
Begin MonoManager ReloadAssembly
Native extension for WindowsStandalone target not found
Refreshing native plugins compatible for Editor in 0.33 ms, found 1 plugins.
Preloading 0 native plugins for Editor in 0.00 ms.
Mono: successfully reloaded assembly
- Completed reload, in  0.731 seconds
Platform modules already initialized, skipping
Refreshing native plugins compatible for Editor in 0.31 ms, found 1 plugins.
Preloading 0 native plugins for Editor in 0.00 ms.
Unloading 2049 Unused Serialized files (Serialized files now loaded: 0)
System memory in use before: 94.8 MB.
System memory in use after: 94.8 MB.

Unloading 12 unused Assets to reduce memory usage. Loaded Objects now: 2524.
Total: 1.813200 ms (FindLiveObjects: 0.182300 ms CreateObjectMapping: 0.071900 ms MarkObjects: 1.474200 ms  DeleteObjects: 0.084200 ms)

