Using pre-set license
Built from '2020.3/staging' branch; Version is '2020.3.5f1 (8095aa901b9b) revision 8426922'; Using compiler version '192528614'; Build Type 'Release'
OS: 'Windows 10 Home; OS build 19041.928; Version 2004; 64bit' Language: 'ja' Physical Memory: 32696 MB
BatchMode: 1, IsHumanControllingUs: 0, StartBugReporterOnCrash: 0, Is64bit: 1, IsPro: 0

 COMMAND LINE ARGUMENTS:
C:\Program Files\Unity\Hub\Editor\2020.3.5f1\Editor\Unity.exe
-adb2
-batchMode
-noUpm
-name
AssetImportWorker2
-projectPath
C:/Users/maiku/unity/CraneGame/CraneGame
-logFile
Logs/AssetImportWorker2.log
-srvPort
52027
Successfully changed project path to: C:/Users/maiku/unity/CraneGame/CraneGame
C:/Users/maiku/unity/CraneGame/CraneGame
Using Asset Import Pipeline V2.
Refreshing native plugins compatible for Editor in 37.93 ms, found 1 plugins.
Preloading 0 native plugins for Editor in 0.00 ms.
Initialize engine version: 2020.3.5f1 (8095aa901b9b)
[Subsystems] Discovering subsystems at path C:/Program Files/Unity/Hub/Editor/2020.3.5f1/Editor/Data/Resources/UnitySubsystems
[Subsystems] Discovering subsystems at path C:/Users/maiku/unity/CraneGame/CraneGame/Assets
GfxDevice: creating device client; threaded=0
Direct3D:
    Version:  Direct3D 11.0 [level 11.1]
    Renderer: NVIDIA GeForce GTX 1660 SUPER (ID=0x21c4)
    Vendor:   
    VRAM:     5991 MB
    Driver:   27.21.14.5751
Initialize mono
Mono path[0] = 'C:/Program Files/Unity/Hub/Editor/2020.3.5f1/Editor/Data/Managed'
Mono path[1] = 'C:/Program Files/Unity/Hub/Editor/2020.3.5f1/Editor/Data/MonoBleedingEdge/lib/mono/unityjit'
Mono config path = 'C:/Program Files/Unity/Hub/Editor/2020.3.5f1/Editor/Data/MonoBleedingEdge/etc'
Using monoOptions --debugger-agent=transport=dt_socket,embedding=1,server=y,suspend=n,address=127.0.0.1:56260
Begin MonoManager ReloadAssembly
Registering precompiled unity dll's ...
Register platform support module: C:/Program Files/Unity/Hub/Editor/2020.3.5f1/Editor/Data/PlaybackEngines/WindowsStandaloneSupport/UnityEditor.WindowsStandalone.Extensions.dll
Registered in 0.001756 seconds.
Native extension for WindowsStandalone target not found
Refreshing native plugins compatible for Editor in 36.18 ms, found 1 plugins.
Preloading 0 native plugins for Editor in 0.00 ms.
Mono: successfully reloaded assembly
- Completed reload, in  0.969 seconds
Platform modules already initialized, skipping
Registering precompiled user dll's ...
Registered in 0.000912 seconds.
Begin MonoManager ReloadAssembly
Native extension for WindowsStandalone target not found
Refreshing native plugins compatible for Editor in 35.62 ms, found 1 plugins.
Preloading 0 native plugins for Editor in 0.00 ms.
Mono: successfully reloaded assembly
- Completed reload, in  0.837 seconds
Platform modules already initialized, skipping
========================================================================
Worker process is ready to serve import requests
Launched and connected shader compiler UnityShaderCompiler.exe after 0.04 seconds
Refreshing native plugins compatible for Editor in 0.37 ms, found 1 plugins.
Preloading 0 native plugins for Editor in 0.00 ms.
Unloading 2054 Unused Serialized files (Serialized files now loaded: 0)
System memory in use before: 92.0 MB.
System memory in use after: 91.9 MB.

Unloading 24 unused Assets to reduce memory usage. Loaded Objects now: 2497.
Total: 1.945000 ms (FindLiveObjects: 0.204400 ms CreateObjectMapping: 0.086000 ms MarkObjects: 1.546700 ms  DeleteObjects: 0.106700 ms)

========================================================================
Received Import Request.
  path: Assets/Resource/picture/PresentB.png
  artifactKey: Guid(c6fb90406beb8b84a984008eb3f75ac8) Importer(815301076,1909f56bfc062723c751e8b465ee728b)
Start importing Assets/Resource/picture/PresentB.png using Guid(c6fb90406beb8b84a984008eb3f75ac8) Importer(815301076,1909f56bfc062723c751e8b465ee728b)  -> (artifact id: 'e2c233a4b46d123b75f6e51c1aea8eec') in 0.096418 seconds
  Import took 0.099345 seconds .

========================================================================
Received Import Request.
  Time since last request: 0.000261 seconds.
  path: Assets/Resource/picture/PresentY.png
  artifactKey: Guid(e46d26288002f9c4faeab21323b53b54) Importer(815301076,1909f56bfc062723c751e8b465ee728b)
Start importing Assets/Resource/picture/PresentY.png using Guid(e46d26288002f9c4faeab21323b53b54) Importer(815301076,1909f56bfc062723c751e8b465ee728b)  -> (artifact id: '9fae4d6d4c44ed38b22a633a438402d0') in 0.011173 seconds
  Import took 0.013758 seconds .

========================================================================
Received Prepare
Registering precompiled user dll's ...
Registered in 0.000958 seconds.
Begin MonoManager ReloadAssembly
Native extension for WindowsStandalone target not found
Refreshing native plugins compatible for Editor in 0.34 ms, found 1 plugins.
Preloading 0 native plugins for Editor in 0.00 ms.
Mono: successfully reloaded assembly
- Completed reload, in  0.837 seconds
Platform modules already initialized, skipping
Refreshing native plugins compatible for Editor in 0.34 ms, found 1 plugins.
Preloading 0 native plugins for Editor in 0.00 ms.
Unloading 2049 Unused Serialized files (Serialized files now loaded: 0)
System memory in use before: 94.9 MB.
System memory in use after: 94.9 MB.

Unloading 12 unused Assets to reduce memory usage. Loaded Objects now: 2507.
Total: 1.877600 ms (FindLiveObjects: 0.185100 ms CreateObjectMapping: 0.065500 ms MarkObjects: 1.516400 ms  DeleteObjects: 0.109800 ms)

========================================================================
Received Import Request.
  Time since last request: 261.115894 seconds.
  path: Assets/Resource/picture/FButton2.png
  artifactKey: Guid(bbd304aa5cbb3494bb6c0e7b21e7b29c) Importer(815301076,1909f56bfc062723c751e8b465ee728b)
Start importing Assets/Resource/picture/FButton2.png using Guid(bbd304aa5cbb3494bb6c0e7b21e7b29c) Importer(815301076,1909f56bfc062723c751e8b465ee728b)  -> (artifact id: 'd9d031912021fecbe14addb1dd234104') in 0.045047 seconds
  Import took 0.049017 seconds .

========================================================================
Received Import Request.
  Time since last request: 1.590817 seconds.
  path: Assets/Resource/picture/FButton.png
  artifactKey: Guid(2c2c6f054949d0e49b817cef053141c8) Importer(815301076,1909f56bfc062723c751e8b465ee728b)
Start importing Assets/Resource/picture/FButton.png using Guid(2c2c6f054949d0e49b817cef053141c8) Importer(815301076,1909f56bfc062723c751e8b465ee728b)  -> (artifact id: '37d406998a00c4d0f649fba9f150e57d') in 0.015170 seconds
  Import took 0.019080 seconds .

========================================================================
Received Prepare
Registering precompiled user dll's ...
Registered in 0.000911 seconds.
Begin MonoManager ReloadAssembly
Native extension for WindowsStandalone target not found
Refreshing native plugins compatible for Editor in 0.34 ms, found 1 plugins.
Preloading 0 native plugins for Editor in 0.00 ms.
Mono: successfully reloaded assembly
- Completed reload, in  0.766 seconds
Platform modules already initialized, skipping
Refreshing native plugins compatible for Editor in 0.35 ms, found 1 plugins.
Preloading 0 native plugins for Editor in 0.00 ms.
Unloading 2049 Unused Serialized files (Serialized files now loaded: 0)
System memory in use before: 94.9 MB.
System memory in use after: 94.9 MB.

Unloading 12 unused Assets to reduce memory usage. Loaded Objects now: 2512.
Total: 1.729100 ms (FindLiveObjects: 0.175800 ms CreateObjectMapping: 0.062700 ms MarkObjects: 1.406100 ms  DeleteObjects: 0.083400 ms)

========================================================================
Received Prepare
Registering precompiled user dll's ...
Registered in 0.000891 seconds.
Begin MonoManager ReloadAssembly
Native extension for WindowsStandalone target not found
Refreshing native plugins compatible for Editor in 0.34 ms, found 1 plugins.
Preloading 0 native plugins for Editor in 0.00 ms.
Mono: successfully reloaded assembly
- Completed reload, in  0.749 seconds
Platform modules already initialized, skipping
Refreshing native plugins compatible for Editor in 0.34 ms, found 1 plugins.
Preloading 0 native plugins for Editor in 0.00 ms.
Unloading 2049 Unused Serialized files (Serialized files now loaded: 0)
System memory in use before: 95.0 MB.
System memory in use after: 94.9 MB.

Unloading 12 unused Assets to reduce memory usage. Loaded Objects now: 2516.
Total: 2.117000 ms (FindLiveObjects: 0.345100 ms CreateObjectMapping: 0.098500 ms MarkObjects: 1.578000 ms  DeleteObjects: 0.094400 ms)

========================================================================
Received Prepare
Registering precompiled user dll's ...
Registered in 0.000934 seconds.
Begin MonoManager ReloadAssembly
Native extension for WindowsStandalone target not found
Refreshing native plugins compatible for Editor in 0.34 ms, found 1 plugins.
Preloading 0 native plugins for Editor in 0.00 ms.
Mono: successfully reloaded assembly
- Completed reload, in  0.741 seconds
Platform modules already initialized, skipping
Refreshing native plugins compatible for Editor in 0.34 ms, found 1 plugins.
Preloading 0 native plugins for Editor in 0.00 ms.
Unloading 2049 Unused Serialized files (Serialized files now loaded: 0)
System memory in use before: 95.0 MB.
System memory in use after: 95.0 MB.

Unloading 12 unused Assets to reduce memory usage. Loaded Objects now: 2520.
Total: 1.837500 ms (FindLiveObjects: 0.174900 ms CreateObjectMapping: 0.064200 ms MarkObjects: 1.509400 ms  DeleteObjects: 0.088300 ms)

========================================================================
Received Prepare
Registering precompiled user dll's ...
Registered in 0.001102 seconds.
Begin MonoManager ReloadAssembly
Native extension for WindowsStandalone target not found
Refreshing native plugins compatible for Editor in 0.37 ms, found 1 plugins.
Preloading 0 native plugins for Editor in 0.00 ms.
Mono: successfully reloaded assembly
- Completed reload, in  0.767 seconds
Platform modules already initialized, skipping
Refreshing native plugins compatible for Editor in 0.37 ms, found 1 plugins.
Preloading 0 native plugins for Editor in 0.00 ms.
Unloading 2049 Unused Serialized files (Serialized files now loaded: 0)
System memory in use before: 95.0 MB.
System memory in use after: 95.0 MB.

Unloading 12 unused Assets to reduce memory usage. Loaded Objects now: 2524.
Total: 1.838100 ms (FindLiveObjects: 0.201500 ms CreateObjectMapping: 0.074300 ms MarkObjects: 1.473300 ms  DeleteObjects: 0.088100 ms)

========================================================================
Received Prepare
Registering precompiled user dll's ...
Registered in 0.000979 seconds.
Begin MonoManager ReloadAssembly
Native extension for WindowsStandalone target not found
Refreshing native plugins compatible for Editor in 0.50 ms, found 1 plugins.
Preloading 0 native plugins for Editor in 0.00 ms.
Mono: successfully reloaded assembly
- Completed reload, in  0.740 seconds
Platform modules already initialized, skipping
Refreshing native plugins compatible for Editor in 0.34 ms, found 1 plugins.
Preloading 0 native plugins for Editor in 0.00 ms.
Unloading 2049 Unused Serialized files (Serialized files now loaded: 0)
System memory in use before: 95.0 MB.
System memory in use after: 95.0 MB.

Unloading 12 unused Assets to reduce memory usage. Loaded Objects now: 2528.
Total: 3.557500 ms (FindLiveObjects: 0.311600 ms CreateObjectMapping: 0.139600 ms MarkObjects: 2.929900 ms  DeleteObjects: 0.174700 ms)

========================================================================
Received Prepare
Registering precompiled user dll's ...
Registered in 0.000930 seconds.
Begin MonoManager ReloadAssembly
Native extension for WindowsStandalone target not found
Refreshing native plugins compatible for Editor in 0.34 ms, found 1 plugins.
Preloading 0 native plugins for Editor in 0.00 ms.
Mono: successfully reloaded assembly
- Completed reload, in  0.737 seconds
Platform modules already initialized, skipping
Refreshing native plugins compatible for Editor in 0.34 ms, found 1 plugins.
Preloading 0 native plugins for Editor in 0.00 ms.
Unloading 2049 Unused Serialized files (Serialized files now loaded: 0)
System memory in use before: 95.0 MB.
System memory in use after: 95.0 MB.

Unloading 12 unused Assets to reduce memory usage. Loaded Objects now: 2532.
Total: 1.798500 ms (FindLiveObjects: 0.200300 ms CreateObjectMapping: 0.078500 ms MarkObjects: 1.429500 ms  DeleteObjects: 0.089000 ms)

========================================================================
Received Prepare
Registering precompiled user dll's ...
Registered in 0.000933 seconds.
Begin MonoManager ReloadAssembly
Native extension for WindowsStandalone target not found
Refreshing native plugins compatible for Editor in 0.34 ms, found 1 plugins.
Preloading 0 native plugins for Editor in 0.00 ms.
Mono: successfully reloaded assembly
- Completed reload, in  0.732 seconds
Platform modules already initialized, skipping
Refreshing native plugins compatible for Editor in 0.35 ms, found 1 plugins.
Preloading 0 native plugins for Editor in 0.00 ms.
Unloading 2049 Unused Serialized files (Serialized files now loaded: 0)
System memory in use before: 95.0 MB.
System memory in use after: 95.0 MB.

Unloading 12 unused Assets to reduce memory usage. Loaded Objects now: 2536.
Total: 1.762700 ms (FindLiveObjects: 0.175000 ms CreateObjectMapping: 0.068700 ms MarkObjects: 1.431800 ms  DeleteObjects: 0.086200 ms)

========================================================================
Received Prepare
Registering precompiled user dll's ...
Registered in 0.000917 seconds.
Begin MonoManager ReloadAssembly
Native extension for WindowsStandalone target not found
Refreshing native plugins compatible for Editor in 0.34 ms, found 1 plugins.
Preloading 0 native plugins for Editor in 0.00 ms.
Mono: successfully reloaded assembly
- Completed reload, in  0.760 seconds
Platform modules already initialized, skipping
Refreshing native plugins compatible for Editor in 0.32 ms, found 1 plugins.
Preloading 0 native plugins for Editor in 0.00 ms.
Unloading 2049 Unused Serialized files (Serialized files now loaded: 0)
System memory in use before: 95.1 MB.
System memory in use after: 95.0 MB.

Unloading 12 unused Assets to reduce memory usage. Loaded Objects now: 2540.
Total: 1.813500 ms (FindLiveObjects: 0.202800 ms CreateObjectMapping: 0.074400 ms MarkObjects: 1.446900 ms  DeleteObjects: 0.088600 ms)

AssetImportWorkerClient::OnTransportError - code=2 error=End of file
