Using pre-set license
Built from '2020.3/staging' branch; Version is '2020.3.5f1 (8095aa901b9b) revision 8426922'; Using compiler version '192528614'; Build Type 'Release'
OS: 'Windows 10 Home; OS build 19041.928; Version 2004; 64bit' Language: 'ja' Physical Memory: 32696 MB
BatchMode: 1, IsHumanControllingUs: 0, StartBugReporterOnCrash: 0, Is64bit: 1, IsPro: 0

 COMMAND LINE ARGUMENTS:
C:\Program Files\Unity\Hub\Editor\2020.3.5f1\Editor\Unity.exe
-adb2
-batchMode
-noUpm
-name
AssetImportWorker0
-projectPath
C:/Users/maiku/unity/CraneGame
-logFile
Logs/AssetImportWorker0.log
-srvPort
51304
Successfully changed project path to: C:/Users/maiku/unity/CraneGame
C:/Users/maiku/unity/CraneGame
Using Asset Import Pipeline V2.
Refreshing native plugins compatible for Editor in 31.82 ms, found 1 plugins.
Preloading 0 native plugins for Editor in 0.00 ms.
Initialize engine version: 2020.3.5f1 (8095aa901b9b)
[Subsystems] Discovering subsystems at path C:/Program Files/Unity/Hub/Editor/2020.3.5f1/Editor/Data/Resources/UnitySubsystems
[Subsystems] Discovering subsystems at path C:/Users/maiku/unity/CraneGame/Assets
GfxDevice: creating device client; threaded=0
Direct3D:
    Version:  Direct3D 11.0 [level 11.1]
    Renderer: NVIDIA GeForce GTX 1660 SUPER (ID=0x21c4)
    Vendor:   
    VRAM:     5991 MB
    Driver:   27.21.14.5751
Initialize mono
Mono path[0] = 'C:/Program Files/Unity/Hub/Editor/2020.3.5f1/Editor/Data/Managed'
Mono path[1] = 'C:/Program Files/Unity/Hub/Editor/2020.3.5f1/Editor/Data/MonoBleedingEdge/lib/mono/unityjit'
Mono config path = 'C:/Program Files/Unity/Hub/Editor/2020.3.5f1/Editor/Data/MonoBleedingEdge/etc'
Using monoOptions --debugger-agent=transport=dt_socket,embedding=1,server=y,suspend=n,address=127.0.0.1:56936
Begin MonoManager ReloadAssembly
Registering precompiled unity dll's ...
Register platform support module: C:/Program Files/Unity/Hub/Editor/2020.3.5f1/Editor/Data/PlaybackEngines/WindowsStandaloneSupport/UnityEditor.WindowsStandalone.Extensions.dll
Registered in 0.001863 seconds.
Native extension for WindowsStandalone target not found
Refreshing native plugins compatible for Editor in 32.32 ms, found 1 plugins.
Preloading 0 native plugins for Editor in 0.00 ms.
Mono: successfully reloaded assembly
- Completed reload, in  0.919 seconds
Platform modules already initialized, skipping
Registering precompiled user dll's ...
Registered in 0.000888 seconds.
Begin MonoManager ReloadAssembly
Native extension for WindowsStandalone target not found
Refreshing native plugins compatible for Editor in 32.03 ms, found 1 plugins.
Preloading 0 native plugins for Editor in 0.00 ms.
Mono: successfully reloaded assembly
- Completed reload, in  0.798 seconds
Platform modules already initialized, skipping
========================================================================
Worker process is ready to serve import requests
Launched and connected shader compiler UnityShaderCompiler.exe after 0.03 seconds
Refreshing native plugins compatible for Editor in 0.51 ms, found 1 plugins.
Preloading 0 native plugins for Editor in 0.00 ms.
Unloading 1808 Unused Serialized files (Serialized files now loaded: 0)
System memory in use before: 84.8 MB.
System memory in use after: 84.8 MB.

Unloading 24 unused Assets to reduce memory usage. Loaded Objects now: 2250.
Total: 1.799800 ms (FindLiveObjects: 0.243800 ms CreateObjectMapping: 0.052200 ms MarkObjects: 1.399300 ms  DeleteObjects: 0.103800 ms)

========================================================================
Received Import Request.
  path: Assets/Scenes
  artifactKey: Guid(a5a7f7d98b7903f4a9f74ca6166a9cd9) Importer(815301076,1909f56bfc062723c751e8b465ee728b)
Start importing Assets/Scenes using Guid(a5a7f7d98b7903f4a9f74ca6166a9cd9) Importer(815301076,1909f56bfc062723c751e8b465ee728b)  -> (artifact id: '7dfb1fbca1421619ccf3aed41f57c08f') in 0.005937 seconds
  Import took 0.009696 seconds .

========================================================================
Received Prepare
Registering precompiled user dll's ...
Registered in 0.000868 seconds.
Begin MonoManager ReloadAssembly
Native extension for WindowsStandalone target not found
Refreshing native plugins compatible for Editor in 0.31 ms, found 1 plugins.
Preloading 0 native plugins for Editor in 0.00 ms.
Mono: successfully reloaded assembly
- Completed reload, in  0.710 seconds
Platform modules already initialized, skipping
Refreshing native plugins compatible for Editor in 0.40 ms, found 1 plugins.
Preloading 0 native plugins for Editor in 0.00 ms.
Unloading 1803 Unused Serialized files (Serialized files now loaded: 0)
System memory in use before: 84.8 MB.
System memory in use after: 84.8 MB.

Unloading 12 unused Assets to reduce memory usage. Loaded Objects now: 2254.
Total: 1.957100 ms (FindLiveObjects: 0.202900 ms CreateObjectMapping: 0.073500 ms MarkObjects: 1.595200 ms  DeleteObjects: 0.084400 ms)

========================================================================
Received Import Request.
  Time since last request: 171.153276 seconds.
  path: Assets/Scripts
  artifactKey: Guid(4464f6c2ea26ca543a22cecf61ceef0b) Importer(815301076,1909f56bfc062723c751e8b465ee728b)
Start importing Assets/Scripts using Guid(4464f6c2ea26ca543a22cecf61ceef0b) Importer(815301076,1909f56bfc062723c751e8b465ee728b)  -> (artifact id: '67fb83d4210d29746ee11daee9f1f896') in 0.005121 seconds
  Import took 0.007708 seconds .

========================================================================
Received Import Request.
  Time since last request: 15.606592 seconds.
  path: Assets/Resource
  artifactKey: Guid(aa01490625a9d3a41b0aa03c4e75b5b1) Importer(815301076,1909f56bfc062723c751e8b465ee728b)
Start importing Assets/Resource using Guid(aa01490625a9d3a41b0aa03c4e75b5b1) Importer(815301076,1909f56bfc062723c751e8b465ee728b)  -> (artifact id: '768db167ebef690e704137c48d17e525') in 0.003412 seconds
  Import took 0.006588 seconds .

========================================================================
Received Import Request.
  Time since last request: 19.684030 seconds.
  path: Assets/Resource/Audio
  artifactKey: Guid(b5b1747a260edae4ea6c4345852a6517) Importer(815301076,1909f56bfc062723c751e8b465ee728b)
Start importing Assets/Resource/Audio using Guid(b5b1747a260edae4ea6c4345852a6517) Importer(815301076,1909f56bfc062723c751e8b465ee728b)  -> (artifact id: '776c90b5aaf953cd999c98fa1219b17f') in 0.002609 seconds
  Import took 0.005175 seconds .

========================================================================
Received Import Request.
  Time since last request: 7.693252 seconds.
  path: Assets/Resource/font
  artifactKey: Guid(8b06d883f2824ac4ebade0da97154a08) Importer(815301076,1909f56bfc062723c751e8b465ee728b)
Start importing Assets/Resource/font using Guid(8b06d883f2824ac4ebade0da97154a08) Importer(815301076,1909f56bfc062723c751e8b465ee728b)  -> (artifact id: 'bd9c1d45bfe4377c345c9f80d9e34005') in 0.002802 seconds
  Import took 0.005348 seconds .

========================================================================
Received Import Request.
  Time since last request: 7.198424 seconds.
  path: Assets/Resource/picture
  artifactKey: Guid(9f1cfe55974511f4797f602bfac0524d) Importer(815301076,1909f56bfc062723c751e8b465ee728b)
Start importing Assets/Resource/picture using Guid(9f1cfe55974511f4797f602bfac0524d) Importer(815301076,1909f56bfc062723c751e8b465ee728b)  -> (artifact id: 'bebc6354a69f9b83c307270e2e9d091c') in 0.003231 seconds
  Import took 0.005758 seconds .

========================================================================
Received Import Request.
  Time since last request: 12.638593 seconds.
  path: Assets/Prehab
  artifactKey: Guid(bdca0800c4c094f42b29dff8e381cc5d) Importer(815301076,1909f56bfc062723c751e8b465ee728b)
Start importing Assets/Prehab using Guid(bdca0800c4c094f42b29dff8e381cc5d) Importer(815301076,1909f56bfc062723c751e8b465ee728b)  -> (artifact id: 'de88fc9177914d19ac8e7c58d62c5a48') in 0.003014 seconds
  Import took 0.005672 seconds .

========================================================================
Received Import Request.
  Time since last request: 16.809370 seconds.
  path: Assets/Scenes/SampleScene.unity
  artifactKey: Guid(2cda990e2423bbf4892e6590ba056729) Importer(815301076,1909f56bfc062723c751e8b465ee728b)
Start importing Assets/Scenes/SampleScene.unity using Guid(2cda990e2423bbf4892e6590ba056729) Importer(815301076,1909f56bfc062723c751e8b465ee728b)  -> (artifact id: '5db6c5a27ce610e8eb13047cc6caff06') in 0.010855 seconds
  Import took 0.013976 seconds .

========================================================================
Received Import Request.
  Time since last request: 9.728929 seconds.
  path: Assets/Scenes/Main.unity
  artifactKey: Guid(2cda990e2423bbf4892e6590ba056729) Importer(815301076,1909f56bfc062723c751e8b465ee728b)
Start importing Assets/Scenes/Main.unity using Guid(2cda990e2423bbf4892e6590ba056729) Importer(815301076,1909f56bfc062723c751e8b465ee728b)  -> (artifact id: '87d9f8d78cfa1bc09351be0e90f7f8a2') in 0.003683 seconds
  Import took 0.006929 seconds .

========================================================================
Received Import Request.
  Time since last request: 17.612608 seconds.
  path: Assets/Scripts/player.cs
  artifactKey: Guid(e4884e105f7e02e43951457a6d77063a) Importer(815301076,1909f56bfc062723c751e8b465ee728b)
Start importing Assets/Scripts/player.cs using Guid(e4884e105f7e02e43951457a6d77063a) Importer(815301076,1909f56bfc062723c751e8b465ee728b)  -> (artifact id: '4b5339f8333a3ae99a2a496d44ca2699') in 0.017728 seconds
  Import took 0.020174 seconds .

========================================================================
Received Prepare
Registering precompiled user dll's ...
Registered in 0.000863 seconds.
Begin MonoManager ReloadAssembly
Native extension for WindowsStandalone target not found
Refreshing native plugins compatible for Editor in 0.31 ms, found 1 plugins.
Preloading 0 native plugins for Editor in 0.00 ms.
Mono: successfully reloaded assembly
- Completed reload, in  0.721 seconds
Platform modules already initialized, skipping
Refreshing native plugins compatible for Editor in 0.30 ms, found 1 plugins.
Preloading 0 native plugins for Editor in 0.00 ms.
Unloading 1804 Unused Serialized files (Serialized files now loaded: 0)
System memory in use before: 84.9 MB.
System memory in use after: 84.8 MB.

Unloading 12 unused Assets to reduce memory usage. Loaded Objects now: 2259.
Total: 1.643900 ms (FindLiveObjects: 0.162000 ms CreateObjectMapping: 0.057600 ms MarkObjects: 1.341900 ms  DeleteObjects: 0.081800 ms)

AssetImportWorkerClient::OnTransportError - code=2 error=End of file
